npm verbose cli C:\Program Files\nodejs\node.exe C:\Program Files\nodejs\node_modules\npm\bin\npm-cli.js
npm info using npm@10.9.0
npm info using node@v22.11.0
npm verbose title npm install
npm verbose argv "install" "--legacy-peer-deps" "--loglevel" "verbose"
npm verbose logfile logs-max:10 dir:C:\Users\Premiersoft\AppData\Local\npm-cache\_logs\2025-01-09T19_28_27_210Z-
npm verbose logfile C:\Users\Premiersoft\AppData\Local\npm-cache\_logs\2025-01-09T19_28_27_210Z-debug-0.log
npm http fetch GET 200 https://registry.npmjs.org/browserstack-cypress-cli 469ms (cache updated)
npm http fetch GET 200 https://registry.npmjs.org/cypress 154ms (cache updated)
npm http fetch GET 200 https://registry.npmjs.org/archiver 108ms (cache updated)
npm http fetch GET 200 https://registry.npmjs.org/browserstack-local 177ms (cache updated)
npm http fetch GET 200 https://registry.npmjs.org/cli-progress 190ms (cache updated)
npm http fetch GET 200 https://registry.npmjs.org/chalk 192ms (cache updated)
npm http fetch GET 200 https://registry.npmjs.org/axios-retry 203ms (cache updated)
npm http fetch GET 200 https://registry.npmjs.org/mocha 29ms (cache hit)
npm http fetch GET 200 https://registry.npmjs.org/async 259ms (cache updated)
npm http fetch GET 200 https://registry.npmjs.org/fs-extra 260ms (cache updated)
npm http fetch GET 200 https://registry.npmjs.org/axios 270ms (cache updated)
npm http fetch GET 200 https://registry.npmjs.org/gitconfiglocal 102ms (cache updated)
npm http fetch GET 200 https://registry.npmjs.org/form-data 285ms (cache updated)
npm http fetch GET 200 https://registry.npmjs.org/glob 121ms (cache updated)
npm http fetch GET 200 https://registry.npmjs.org/mkdirp 119ms (cache updated)
npm http fetch GET 200 https://registry.npmjs.org/table 97ms (cache updated)
npm http fetch GET 200 https://registry.npmjs.org/windows-release 83ms (cache updated)
npm http fetch GET 200 https://registry.npmjs.org/update-notifier 116ms (cache updated)
npm http fetch GET 200 https://registry.npmjs.org/uuid 106ms (cache updated)
npm http fetch GET 200 https://registry.npmjs.org/chalk 8ms (cache hit)
npm http fetch GET 200 https://registry.npmjs.org/node-ipc 148ms (cache updated)
npm http fetch GET 200 https://registry.npmjs.org/winston 121ms (cache updated)
npm http fetch GET 200 https://registry.npmjs.org/yargs 109ms (cache updated)
npm http fetch GET 200 https://registry.npmjs.org/arch 88ms (cache updated)
npm http fetch GET 200 https://registry.npmjs.org/tmp 107ms (cache updated)
npm http fetch GET 200 https://registry.npmjs.org/dayjs 92ms (cache updated)
npm http fetch GET 200 https://registry.npmjs.org/debug 96ms (cache updated)
npm http fetch GET 200 https://registry.npmjs.org/getos 62ms (cache updated)
npm http fetch GET 200 https://registry.npmjs.org/unzipper 159ms (cache updated)
npm http fetch GET 200 https://registry.npmjs.org/yauzl 64ms (cache updated)
npm http fetch GET 200 https://registry.npmjs.org/buffer 85ms (cache updated)
npm http fetch GET 200 https://registry.npmjs.org/ospath 67ms (cache updated)
npm http fetch GET 200 https://registry.npmjs.org/listr2 95ms (cache updated)
npm http fetch GET 200 https://registry.npmjs.org/lodash 99ms (cache updated)
npm http fetch GET 200 https://registry.npmjs.org/ci-info 69ms (cache updated)
npm http fetch GET 200 https://registry.npmjs.org/semver 142ms (cache updated)
npm http fetch GET 200 https://registry.npmjs.org/process 99ms (cache updated)
npm http fetch GET 200 https://registry.npmjs.org/figures 112ms (cache updated)
npm http fetch GET 200 https://registry.npmjs.org/enquirer 72ms (cache updated)
npm http fetch GET 200 https://registry.npmjs.org/fs-extra 16ms (cache hit)
npm http fetch GET 200 https://registry.npmjs.org/bluebird 100ms (cache updated)
npm http fetch GET 200 https://registry.npmjs.org/cachedir 95ms (cache updated)
npm http fetch GET 200 https://registry.npmjs.org/lazy-ass 103ms (cache updated)
npm http fetch GET 200 https://registry.npmjs.org/blob-util 105ms (cache updated)
npm http fetch GET 200 https://registry.npmjs.org/minimist 113ms (cache updated)
npm http fetch GET 200 https://registry.npmjs.org/tree-kill 94ms (cache updated)
npm http fetch GET 200 https://registry.npmjs.org/untildify 94ms (cache updated)
npm http fetch GET 200 https://registry.npmjs.org/commander 107ms (cache updated)
npm http fetch GET 200 https://registry.npmjs.org/git-last-commit 801ms (cache updated)
npm http fetch GET 200 https://registry.npmjs.org/cli-table3 100ms (cache updated)
npm http fetch GET 200 https://registry.npmjs.org/executable 98ms (cache updated)
npm http fetch GET 200 https://registry.npmjs.org/log-symbols 90ms (cache updated)
npm http fetch GET 200 https://registry.npmjs.org/git-repo-info 781ms (cache updated)
npm http fetch GET 200 https://registry.npmjs.org/cli-cursor 116ms (cache updated)
npm http fetch GET 200 https://registry.npmjs.org/common-tags 104ms (cache updated)
npm http fetch GET 200 https://registry.npmjs.org/extract-zip 102ms (cache updated)
npm http fetch GET 200 https://registry.npmjs.org/pretty-bytes 97ms (cache updated)
npm http fetch GET 200 https://registry.npmjs.org/getmac 911ms (cache updated)
npm http fetch GET 200 https://registry.npmjs.org/proxy-from-env 129ms (cache updated)
npm http fetch GET 200 https://registry.npmjs.org/@cypress%2fxvfb 136ms (cache updated)
npm http fetch GET 200 https://registry.npmjs.org/@types%2fsizzle 135ms (cache updated)
npm http fetch GET 200 https://registry.npmjs.org/is-installed-globally 103ms (cache updated)
npm http fetch GET 200 https://registry.npmjs.org/supports-color 133ms (cache updated)
npm http fetch GET 200 https://registry.npmjs.org/eventemitter2 140ms (cache updated)
npm http fetch GET 200 https://registry.npmjs.org/decompress 703ms (cache updated)
npm http fetch GET 200 https://registry.npmjs.org/@cypress%2frequest 137ms (cache updated)
npm http fetch GET 200 https://registry.npmjs.org/check-more-types 140ms (cache updated)
npm http fetch GET 200 https://registry.npmjs.org/request-progress 139ms (cache updated)
npm http fetch GET 200 https://registry.npmjs.org/execa 631ms (cache updated)
npm http fetch GET 200 https://registry.npmjs.org/@types%2fsinonjs__fake-timers 86ms (cache updated)
npm http fetch GET 200 https://registry.npmjs.org/async 29ms (cache hit)
npm http fetch GET 200 https://registry.npmjs.org/proxy-from-env 31ms (cache hit)
npm http fetch GET 200 https://registry.npmjs.org/archiver-utils 97ms (cache updated)
npm http fetch GET 200 https://registry.npmjs.org/buffer-crc32 98ms (cache updated)
npm http fetch GET 200 https://registry.npmjs.org/tar-stream 104ms (cache updated)
npm http fetch GET 200 https://registry.npmjs.org/readdir-glob 111ms (cache updated)
npm http fetch GET 200 https://registry.npmjs.org/readable-stream 113ms (cache updated)
npm http fetch GET 200 https://registry.npmjs.org/temp-fs 87ms (cache updated)
npm http fetch GET 200 https://registry.npmjs.org/is-retry-allowed 117ms (cache updated)
npm http fetch GET 200 https://registry.npmjs.org/ps-tree 90ms (cache updated)
npm http fetch GET 200 https://registry.npmjs.org/zip-stream 121ms (cache updated)
npm http fetch GET 200 https://registry.npmjs.org/follow-redirects 129ms (cache updated)
npm http fetch GET 200 https://registry.npmjs.org/supports-color 19ms (cache hit)
npm http fetch GET 200 https://registry.npmjs.org/https-proxy-agent 93ms (cache updated)
npm http fetch GET 200 https://registry.npmjs.org/agent-base 116ms (cache updated)
npm http fetch GET 200 https://registry.npmjs.org/decompress-unzip 85ms (cache updated)
npm http fetch GET 200 https://registry.npmjs.org/string-width 98ms (cache updated)
npm http fetch GET 200 https://registry.npmjs.org/decompress-tarbz2 98ms (cache updated)
npm http fetch GET 200 https://registry.npmjs.org/decompress-tar 114ms (cache updated)
npm http fetch GET 200 https://registry.npmjs.org/ansi-styles 125ms (cache updated)
npm http fetch GET 200 https://registry.npmjs.org/graceful-fs 105ms (cache updated)
npm http fetch GET 200 https://registry.npmjs.org/@babel%2fruntime 244ms (cache updated)
npm http fetch GET 200 https://registry.npmjs.org/graceful-fs 24ms (cache hit)
npm http fetch GET 200 https://registry.npmjs.org/make-dir 74ms (cache updated)
npm http fetch GET 200 https://registry.npmjs.org/pify 66ms (cache updated)
npm http fetch GET 200 https://registry.npmjs.org/asynckit 69ms (cache updated)
npm http fetch GET 200 https://registry.npmjs.org/combined-stream 70ms (cache updated)
npm http fetch GET 200 https://registry.npmjs.org/mime-types 79ms (cache updated)
npm http fetch GET 200 https://registry.npmjs.org/jsonfile 84ms (cache updated)
npm http fetch GET 200 https://registry.npmjs.org/ini 56ms (cache updated)
npm http fetch GET 200 https://registry.npmjs.org/once 59ms (cache updated)
npm http fetch GET 200 https://registry.npmjs.org/inflight 67ms (cache updated)
npm http fetch GET 200 https://registry.npmjs.org/universalify 98ms (cache updated)
npm http fetch GET 200 https://registry.npmjs.org/inherits 69ms (cache updated)
npm http fetch GET 200 https://registry.npmjs.org/glob 7ms (cache hit)
npm http fetch GET 200 https://registry.npmjs.org/debug 4ms (cache hit)
npm http fetch GET 200 https://registry.npmjs.org/yargs 11ms (cache hit)
npm http fetch GET 200 https://registry.npmjs.org/fs.realpath 70ms (cache updated)
npm http fetch GET 200 https://registry.npmjs.org/minimatch 79ms (cache updated)
npm http fetch GET 200 https://registry.npmjs.org/he 72ms (cache updated)
npm http fetch GET 200 https://registry.npmjs.org/ms 66ms (cache updated)
npm http fetch GET 200 https://registry.npmjs.org/minimatch 14ms (cache hit)
npm http fetch GET 200 https://registry.npmjs.org/decompress-targz 308ms (cache updated)
npm http fetch GET 200 https://registry.npmjs.org/path-is-absolute 104ms (cache updated)
npm http fetch GET 200 https://registry.npmjs.org/log-symbols 12ms (cache hit)
npm http fetch GET 200 https://registry.npmjs.org/diff 87ms (cache updated)
npm http fetch GET 200 https://registry.npmjs.org/js-yaml 79ms (cache updated)
npm http fetch GET 200 https://registry.npmjs.org/chokidar 81ms (cache updated)
npm http fetch GET 200 https://registry.npmjs.org/find-up 95ms (cache updated)
npm http fetch GET 200 https://registry.npmjs.org/workerpool 79ms (cache updated)
npm http fetch GET 200 https://registry.npmjs.org/ansi-colors 80ms (cache updated)
npm http fetch GET 200 https://registry.npmjs.org/yargs-unparser 68ms (cache updated)
npm http fetch GET 200 https://registry.npmjs.org/browser-stdout 85ms (cache updated)
npm http fetch GET 200 https://registry.npmjs.org/yargs-parser 106ms (cache updated)
npm http fetch GET 200 https://registry.npmjs.org/strip-json-comments 75ms (cache updated)
npm http fetch GET 200 https://registry.npmjs.org/escape-string-regexp 68ms (cache updated)
npm http fetch GET 200 https://registry.npmjs.org/lodash 9ms (cache hit)
npm http fetch GET 200 https://registry.npmjs.org/serialize-javascript 70ms (cache updated)
npm http fetch GET 200 https://registry.npmjs.org/string-width 10ms (cache hit)
npm http fetch GET 200 https://registry.npmjs.org/bluebird 12ms (cache hit)
npm http fetch GET 200 https://registry.npmjs.org/@types%2fnode 316ms (cache updated)
npm http fetch GET 200 https://registry.npmjs.org/js-queue 163ms (cache updated)
npm http fetch GET 200 https://registry.npmjs.org/node-int64 111ms (cache updated)
npm http fetch GET 200 https://registry.npmjs.org/slice-ansi 126ms (cache updated)
npm http fetch GET 200 https://registry.npmjs.org/duplexer2 121ms (cache updated)
npm http fetch GET 200 https://registry.npmjs.org/event-pubsub 164ms (cache updated)
npm http fetch GET 200 https://registry.npmjs.org/pupa 109ms (cache updated)
npm http fetch GET 200 https://registry.npmjs.org/semver 13ms (cache hit)
npm http fetch GET 200 https://registry.npmjs.org/ajv 166ms (cache updated)
npm http fetch GET 200 https://registry.npmjs.org/is-npm 59ms (cache updated)
npm http fetch GET 200 https://registry.npmjs.org/semver-diff 53ms (cache updated)
npm http fetch GET 200 https://registry.npmjs.org/is-installed-globally 7ms (cache hit)
npm http fetch GET 200 https://registry.npmjs.org/execa 5ms (cache hit)
npm http fetch GET 200 https://registry.npmjs.org/configstore 83ms (cache updated)
npm http fetch GET 200 https://registry.npmjs.org/is-in-ci 88ms (cache updated)
npm http fetch GET 200 https://registry.npmjs.org/import-lazy 85ms (cache updated)
npm http fetch GET 200 https://registry.npmjs.org/boxen 104ms (cache updated)
npm http fetch GET 200 https://registry.npmjs.org/xdg-basedir 80ms (cache updated)
npm http fetch GET 200 https://registry.npmjs.org/js-message 273ms (cache updated)
npm http fetch GET 200 https://registry.npmjs.org/latest-version 82ms (cache updated)
npm http fetch GET 200 https://registry.npmjs.org/find-up 5ms (cache hit)
npm http fetch GET 200 https://registry.npmjs.org/is-running 698ms (cache updated)
npm http fetch GET 200 https://registry.npmjs.org/eyes 73ms (cache updated)
npm http fetch GET 200 https://registry.npmjs.org/yargs-parser 4ms (cache hit)
npm http fetch GET 200 https://registry.npmjs.org/stack-trace 64ms (cache updated)
npm http fetch GET 200 https://registry.npmjs.org/cycle 85ms (cache updated)
npm http fetch GET 200 https://registry.npmjs.org/colors 68ms (cache updated)
npm http fetch GET 200 https://registry.npmjs.org/y18n 68ms (cache updated)
npm http fetch GET 200 https://registry.npmjs.org/isstream 72ms (cache updated)
npm http fetch GET 200 https://registry.npmjs.org/cliui 67ms (cache updated)
npm http fetch GET 200 https://registry.npmjs.org/which-module 49ms (cache updated)
npm http fetch GET 200 https://registry.npmjs.org/set-blocking 58ms (cache updated)
npm http fetch GET 200 https://registry.npmjs.org/decamelize 64ms (cache updated)
npm http fetch GET 200 https://registry.npmjs.org/get-caller-file 63ms (cache updated)
npm http fetch GET 200 https://registry.npmjs.org/require-directory 82ms (cache updated)
npm http fetch GET 200 https://registry.npmjs.org/require-main-filename 84ms (cache updated)
npm http fetch GET 200 https://registry.npmjs.org/strip-dirs 702ms (cache updated)
npm http fetch GET 200 https://registry.npmjs.org/readable-stream 17ms (cache hit)
npm http fetch GET 200 https://registry.npmjs.org/inherits 19ms (cache hit)
npm http fetch GET 200 https://registry.npmjs.org/normalize-path 68ms (cache updated)
npm http fetch GET 200 https://registry.npmjs.org/util-deprecate 71ms (cache updated)
npm http fetch GET 200 https://registry.npmjs.org/lodash.flatten 75ms (cache updated)
npm http fetch GET 200 https://registry.npmjs.org/lazystream 78ms (cache updated)
npm http fetch GET 200 https://registry.npmjs.org/string_decoder 78ms (cache updated)
npm http fetch GET 200 https://registry.npmjs.org/lodash.difference 84ms (cache updated)
npm http fetch GET 200 https://registry.npmjs.org/lodash.defaults 86ms (cache updated)
npm http fetch GET 200 https://registry.npmjs.org/bl 67ms (cache updated)
npm http fetch GET 200 https://registry.npmjs.org/archiver-utils 15ms (cache hit)
npm http fetch GET 200 https://registry.npmjs.org/end-of-stream 70ms (cache updated)
npm http fetch GET 200 https://registry.npmjs.org/lodash.isplainobject 96ms (cache updated)
npm http fetch GET 200 https://registry.npmjs.org/fs-constants 73ms (cache updated)
npm http fetch GET 200 https://registry.npmjs.org/compress-commons 72ms (cache updated)
npm http fetch GET 200 https://registry.npmjs.org/lodash.union 721ms (cache updated)
npm http fetch GET 200 https://registry.npmjs.org/string_decoder 18ms (cache hit)
npm http fetch GET 200 https://registry.npmjs.org/util-deprecate 19ms (cache hit)
npm http fetch GET 200 https://registry.npmjs.org/process-nextick-args 74ms (cache updated)
npm http fetch GET 200 https://registry.npmjs.org/core-util-is 79ms (cache updated)
npm http fetch GET 200 https://registry.npmjs.org/safe-buffer 82ms (cache updated)
npm http fetch GET 200 https://registry.npmjs.org/isarray 82ms (cache updated)
npm http fetch GET 200 https://registry.npmjs.org/regenerator-runtime 69ms (cache updated)
npm http fetch GET 200 https://registry.npmjs.org/event-stream 67ms (cache updated)
npm http fetch GET 200 https://registry.npmjs.org/rimraf 81ms (cache updated)
npm http fetch GET 200 https://registry.npmjs.org/color-convert 62ms (cache updated)
npm http fetch GET 200 https://registry.npmjs.org/has-flag 102ms (cache updated)
npm http fetch GET 200 https://registry.npmjs.org/color-name 61ms (cache updated)
npm http fetch GET 200 https://registry.npmjs.org/emoji-regex 56ms (cache updated)
npm http fetch GET 200 https://registry.npmjs.org/is-fullwidth-code-point 78ms (cache updated)
npm http fetch GET 200 https://registry.npmjs.org/strip-ansi 79ms (cache updated)
npm http fetch GET 200 https://registry.npmjs.org/isstream 14ms (cache hit)
npm http fetch GET 200 https://registry.npmjs.org/combined-stream 15ms (cache hit)
npm http fetch GET 200 https://registry.npmjs.org/mime-types 16ms (cache hit)
npm http fetch GET 200 https://registry.npmjs.org/safe-buffer 5ms (cache hit)
npm http fetch GET 200 https://registry.npmjs.org/caseless 103ms (cache updated)
npm http fetch GET 200 https://registry.npmjs.org/http-signature 104ms (cache updated)
npm http fetch GET 200 https://registry.npmjs.org/is-typedarray 106ms (cache updated)
npm http fetch GET 200 https://registry.npmjs.org/performance-now 92ms (cache updated)
npm http fetch GET 200 https://registry.npmjs.org/qs 106ms (cache updated)
npm http fetch GET 200 https://registry.npmjs.org/forever-agent 140ms (cache updated)
npm http fetch GET 200 https://registry.npmjs.org/json-stringify-safe 142ms (cache updated)
npm http fetch GET 200 https://registry.npmjs.org/aws4 144ms (cache updated)
npm http fetch GET 200 https://registry.npmjs.org/aws-sign2 149ms (cache updated)
npm http fetch GET 200 https://registry.npmjs.org/ansi-colors 9ms (cache hit)
npm http fetch GET 200 https://registry.npmjs.org/tough-cookie 130ms (cache updated)
npm http fetch GET 200 https://registry.npmjs.org/ieee754 61ms (cache updated)
npm http fetch GET 200 https://registry.npmjs.org/lodash.once 74ms (cache updated)
npm http fetch GET 200 https://registry.npmjs.org/base64-js 75ms (cache updated)
npm http fetch GET 200 https://registry.npmjs.org/restore-cursor 75ms (cache updated)
npm http fetch GET 200 https://registry.npmjs.org/onetime 58ms (cache updated)
npm http fetch GET 200 https://registry.npmjs.org/is-stream 59ms (cache updated)
npm http fetch GET 200 https://registry.npmjs.org/tunnel-agent 109ms (cache updated)
npm http fetch GET 200 https://registry.npmjs.org/pify 5ms (cache hit)
npm http fetch GET 200 https://registry.npmjs.org/signal-exit 54ms (cache updated)
npm http fetch GET 200 https://registry.npmjs.org/escape-string-regexp 5ms (cache hit)
npm http fetch GET 200 https://registry.npmjs.org/jsonfile 4ms (cache hit)
npm http fetch GET 200 https://registry.npmjs.org/universalify 4ms (cache hit)
npm http fetch GET 200 https://registry.npmjs.org/@colors%2fcolors 102ms (cache updated)
npm http fetch GET 200 https://registry.npmjs.org/cross-spawn 98ms (cache updated)
npm http fetch GET 200 https://registry.npmjs.org/merge-stream 73ms (cache updated)
npm http fetch GET 200 https://registry.npmjs.org/get-stream 103ms (cache updated)
npm http fetch GET 200 https://registry.npmjs.org/npm-run-path 79ms (cache updated)
npm http fetch GET 200 https://registry.npmjs.org/human-signals 70ms (cache updated)
npm http fetch GET 200 https://registry.npmjs.org/get-stream 67ms (cache updated)
npm http fetch GET 200 https://registry.npmjs.org/at-least-node 53ms (cache updated)
npm http fetch GET 200 https://registry.npmjs.org/@types%2fyauzl 88ms (cache updated)
npm http fetch GET 200 https://registry.npmjs.org/global-dirs 69ms (cache updated)
npm http fetch GET 200 https://registry.npmjs.org/rfdc 66ms (cache updated)
npm http fetch GET 200 https://registry.npmjs.org/p-map 68ms (cache updated)
npm http fetch GET 200 https://registry.npmjs.org/through 61ms (cache updated)
npm http fetch GET 200 https://registry.npmjs.org/is-path-inside 84ms (cache updated)
npm http fetch GET 200 https://registry.npmjs.org/colorette 61ms (cache updated)
npm http fetch GET 200 https://registry.npmjs.org/wrap-ansi 68ms (cache updated)
npm http fetch GET 200 https://registry.npmjs.org/cli-truncate 54ms (cache updated)
npm http fetch GET 200 https://registry.npmjs.org/log-update 65ms (cache updated)
npm http fetch GET 200 https://registry.npmjs.org/rxjs 115ms (cache updated)
npm http fetch GET 200 https://registry.npmjs.org/is-unicode-supported 67ms (cache updated)
npm http fetch GET 200 https://registry.npmjs.org/fd-slicer 63ms (cache updated)
npm http fetch GET 200 https://registry.npmjs.org/throttleit 65ms (cache updated)
npm http fetch GET 200 https://registry.npmjs.org/extend 753ms (cache updated)
npm http fetch GET 200 https://registry.npmjs.org/strip-final-newline 657ms (cache updated)
npm http fetch GET 200 https://registry.npmjs.org/delayed-stream 86ms (cache updated)
npm http fetch GET 200 https://registry.npmjs.org/assert-plus 95ms (cache updated)
npm http fetch GET 200 https://registry.npmjs.org/sshpk 104ms (cache updated)
npm http fetch GET 200 https://registry.npmjs.org/mime-db 112ms (cache updated)
npm http fetch GET 200 https://registry.npmjs.org/jsprim 134ms (cache updated)
npm http fetch GET 200 https://registry.npmjs.org/side-channel 136ms (cache updated)
npm http fetch GET 200 https://registry.npmjs.org/tldts 229ms (cache updated)
npm http fetch GET 200 https://registry.npmjs.org/ms 4ms (cache hit)
npm http fetch GET 200 https://registry.npmjs.org/tar-stream 17ms (cache hit)
npm http fetch GET 200 https://registry.npmjs.org/is-stream 19ms (cache hit)
npm http fetch GET 200 https://registry.npmjs.org/is-stream 19ms (cache hit)
npm http fetch GET 200 https://registry.npmjs.org/is-stream 21ms (cache hit)
npm http fetch GET 200 https://registry.npmjs.org/get-stream 20ms (cache hit)
npm http fetch GET 200 https://registry.npmjs.org/file-type 100ms (cache updated)
npm http fetch GET 200 https://registry.npmjs.org/unbzip2-stream 123ms (cache updated)
npm http fetch GET 200 https://registry.npmjs.org/is-natural-number 106ms (cache updated)
npm http fetch GET 200 https://registry.npmjs.org/seek-bzip 125ms (cache updated)
npm http fetch GET 200 https://registry.npmjs.org/file-type 127ms (cache updated)
npm http fetch GET 200 https://registry.npmjs.org/file-type 131ms (cache updated)
npm http fetch GET 200 https://registry.npmjs.org/file-type 136ms (cache updated)
npm http fetch GET 200 https://registry.npmjs.org/bl 14ms (cache hit)
npm http fetch GET 200 https://registry.npmjs.org/end-of-stream 16ms (cache hit)
npm http fetch GET 200 https://registry.npmjs.org/xtend 69ms (cache updated)
npm http fetch GET 200 https://registry.npmjs.org/buffer-alloc 100ms (cache updated)
npm http fetch GET 200 https://registry.npmjs.org/to-buffer 773ms (cache updated)
npm http fetch GET 200 https://registry.npmjs.org/commander 14ms (cache hit)
npm http fetch GET 200 https://registry.npmjs.org/pinkie-promise 52ms (cache updated)
npm http fetch GET 200 https://registry.npmjs.org/object-assign 85ms (cache updated)
npm http fetch GET 200 https://registry.npmjs.org/ansi-regex 84ms (cache updated)
npm http fetch GET 200 https://registry.npmjs.org/pump 62ms (cache updated)
npm http fetch GET 200 https://registry.npmjs.org/shebang-command 68ms (cache updated)
npm http fetch GET 200 https://registry.npmjs.org/which 84ms (cache updated)
npm http fetch GET 200 https://registry.npmjs.org/path-key 84ms (cache updated)
npm http fetch GET 200 https://registry.npmjs.org/mimic-fn 87ms (cache updated)
npm http fetch GET 200 https://registry.npmjs.org/path-key 99ms (cache updated)
npm http fetch GET 200 https://registry.npmjs.org/shebang-regex 92ms (cache updated)
npm http fetch GET 200 https://registry.npmjs.org/isexe 93ms (cache updated)
npm http fetch GET 200 https://registry.npmjs.org/@types%2fnode 24ms (cache hit)
npm http fetch GET 200 https://registry.npmjs.org/undici-types 82ms (cache updated)
npm http fetch GET 200 https://registry.npmjs.org/pinkie 66ms (cache updated)
npm http fetch GET 200 https://registry.npmjs.org/wrappy 69ms (cache updated)
npm http fetch GET 200 https://registry.npmjs.org/wrappy 70ms (cache updated)
npm http fetch GET 200 https://registry.npmjs.org/brace-expansion 71ms (cache updated)
npm http fetch GET 200 https://registry.npmjs.org/dashdash 76ms (cache updated)
npm http fetch GET 200 https://registry.npmjs.org/bcrypt-pbkdf 79ms (cache updated)
npm http fetch GET 200 https://registry.npmjs.org/json-schema 80ms (cache updated)
npm http fetch GET 200 https://registry.npmjs.org/safer-buffer 81ms (cache updated)
npm http fetch GET 200 https://registry.npmjs.org/tweetnacl 81ms (cache updated)
npm http fetch GET 200 https://registry.npmjs.org/ecc-jsbn 84ms (cache updated)
npm http fetch GET 200 https://registry.npmjs.org/verror 85ms (cache updated)
npm http fetch GET 200 https://registry.npmjs.org/getpass 89ms (cache updated)
npm http fetch GET 200 https://registry.npmjs.org/asn1 89ms (cache updated)
npm http fetch GET 200 https://registry.npmjs.org/jsbn 98ms (cache updated)
npm http fetch GET 200 https://registry.npmjs.org/extsprintf 100ms (cache updated)
npm http fetch GET 200 https://registry.npmjs.org/ini 4ms (cache hit)
npm http fetch GET 200 https://registry.npmjs.org/core-util-is 3ms (cache hit)
npm http fetch GET 200 https://registry.npmjs.org/slice-ansi 8ms (cache hit)
npm http fetch GET 200 https://registry.npmjs.org/wrap-ansi 9ms (cache hit)
npm http fetch GET 200 https://registry.npmjs.org/slice-ansi 10ms (cache hit)
npm http fetch GET 200 https://registry.npmjs.org/ansi-escapes 59ms (cache updated)
npm http fetch GET 200 https://registry.npmjs.org/tslib 72ms (cache updated)
npm http fetch GET 200 https://registry.npmjs.org/aggregate-error 109ms (cache updated)
npm http fetch GET 200 https://registry.npmjs.org/astral-regex 63ms (cache updated)
npm http fetch GET 200 https://registry.npmjs.org/type-fest 98ms (cache updated)
npm http fetch GET 200 https://registry.npmjs.org/concat-map 63ms (cache updated)
npm http fetch GET 200 https://registry.npmjs.org/balanced-match 67ms (cache updated)
npm http fetch GET 200 https://registry.npmjs.org/brace-expansion 13ms (cache hit)
npm http fetch GET 200 https://registry.npmjs.org/readdirp 79ms (cache updated)
npm http fetch GET 200 https://registry.npmjs.org/locate-path 80ms (cache updated)
npm http fetch GET 200 https://registry.npmjs.org/argparse 81ms (cache updated)
npm http fetch GET 200 https://registry.npmjs.org/path-exists 82ms (cache updated)
npm http fetch GET 200 https://registry.npmjs.org/glob-parent 86ms (cache updated)
npm http fetch GET 200 https://registry.npmjs.org/anymatch 88ms (cache updated)
npm http fetch GET 200 https://registry.npmjs.org/braces 89ms (cache updated)
npm http fetch GET 200 https://registry.npmjs.org/is-binary-path 91ms (cache updated)
npm http fetch GET 200 https://registry.npmjs.org/fsevents 92ms (cache updated)
npm http fetch GET 200 https://registry.npmjs.org/y18n 15ms (cache hit)
npm http fetch GET 200 https://registry.npmjs.org/cliui 19ms (cache hit)
npm http fetch GET 200 https://registry.npmjs.org/is-glob 101ms (cache updated)
npm http fetch GET 200 https://registry.npmjs.org/get-caller-file 17ms (cache hit)
npm http fetch GET 200 https://registry.npmjs.org/decamelize 14ms (cache hit)
npm http fetch GET 200 https://registry.npmjs.org/randombytes 90ms (cache updated)
npm http fetch GET 200 https://registry.npmjs.org/camelcase 60ms (cache updated)
npm http fetch GET 200 https://registry.npmjs.org/escalade 64ms (cache updated)
npm http fetch GET 200 https://registry.npmjs.org/is-plain-obj 67ms (cache updated)
npm http fetch GET 200 https://registry.npmjs.org/flat 69ms (cache updated)
npm http fetch GET 200 https://registry.npmjs.org/is-glob 8ms (cache hit)
npm http fetch GET 200 https://registry.npmjs.org/picomatch 63ms (cache updated)
npm http fetch GET 200 https://registry.npmjs.org/fill-range 65ms (cache updated)
npm http fetch GET 200 https://registry.npmjs.org/picomatch 83ms (cache updated)
npm http fetch GET 200 https://registry.npmjs.org/binary-extensions 90ms (cache updated)
npm http fetch GET 200 https://registry.npmjs.org/is-extglob 691ms (cache updated)
npm http fetch GET 200 https://registry.npmjs.org/to-regex-range 104ms (cache updated)
npm http fetch GET 200 https://registry.npmjs.org/is-number 72ms (cache updated)
npm http fetch GET 200 https://registry.npmjs.org/p-locate 71ms (cache updated)
npm http fetch GET 200 https://registry.npmjs.org/p-limit 62ms (cache updated)
npm http fetch GET 200 https://registry.npmjs.org/easy-stack 70ms (cache updated)
npm http fetch GET 200 https://registry.npmjs.org/yocto-queue 64ms (cache updated)
npm http fetch GET 200 https://registry.npmjs.org/indent-string 66ms (cache updated)
npm http fetch GET 200 https://registry.npmjs.org/clean-stack 67ms (cache updated)
npm http fetch GET 200 https://registry.npmjs.org/duplexer 69ms (cache updated)
npm http fetch GET 200 https://registry.npmjs.org/pause-stream 70ms (cache updated)
npm http fetch GET 200 https://registry.npmjs.org/map-stream 71ms (cache updated)
npm http fetch GET 200 https://registry.npmjs.org/stream-combiner 79ms (cache updated)
npm http fetch GET 200 https://registry.npmjs.org/split 79ms (cache updated)
npm http fetch GET 200 https://registry.npmjs.org/from 118ms (cache updated)
npm http fetch GET 200 https://registry.npmjs.org/side-channel-weakmap 73ms (cache updated)
npm http fetch GET 200 https://registry.npmjs.org/side-channel-list 74ms (cache updated)
npm http fetch GET 200 https://registry.npmjs.org/side-channel-map 74ms (cache updated)
npm http fetch GET 200 https://registry.npmjs.org/object-inspect 77ms (cache updated)
npm http fetch GET 200 https://registry.npmjs.org/es-errors 96ms (cache updated)
npm http fetch GET 200 https://registry.npmjs.org/get-intrinsic 88ms (cache updated)
npm http fetch GET 200 https://registry.npmjs.org/call-bound 90ms (cache updated)
npm http fetch GET 200 https://registry.npmjs.org/get-intrinsic 94ms (cache updated)
npm http fetch GET 200 https://registry.npmjs.org/call-bound 97ms (cache updated)
npm http fetch GET 200 https://registry.npmjs.org/get-intrinsic 16ms (cache hit)
npm http fetch GET 200 https://registry.npmjs.org/get-proto 62ms (cache updated)
npm http fetch GET 200 https://registry.npmjs.org/has-symbols 66ms (cache updated)
npm http fetch GET 200 https://registry.npmjs.org/gopd 68ms (cache updated)
npm http fetch GET 200 https://registry.npmjs.org/es-define-property 69ms (cache updated)
npm http fetch GET 200 https://registry.npmjs.org/es-object-atoms 76ms (cache updated)
npm http fetch GET 200 https://registry.npmjs.org/function-bind 89ms (cache updated)
npm http fetch GET 200 https://registry.npmjs.org/call-bind-apply-helpers 90ms (cache updated)
npm http fetch GET 200 https://registry.npmjs.org/hasown 97ms (cache updated)
npm http fetch GET 200 https://registry.npmjs.org/call-bind-apply-helpers 99ms (cache updated)
npm http fetch GET 200 https://registry.npmjs.org/math-intrinsics 104ms (cache updated)
npm http fetch GET 200 https://registry.npmjs.org/dunder-proto 79ms (cache updated)
npm http fetch GET 200 https://registry.npmjs.org/safer-buffer 6ms (cache hit)
npm http fetch GET 200 https://registry.npmjs.org/tweetnacl 7ms (cache hit)
npm http fetch GET 200 https://registry.npmjs.org/safer-buffer 8ms (cache hit)
npm http fetch GET 200 https://registry.npmjs.org/is-fullwidth-code-point 11ms (cache hit)
npm http fetch GET 200 https://registry.npmjs.org/astral-regex 11ms (cache hit)
npm http fetch GET 200 https://registry.npmjs.org/ansi-styles 12ms (cache hit)
npm http fetch GET 200 https://registry.npmjs.org/is-fullwidth-code-point 12ms (cache hit)
npm http fetch GET 200 https://registry.npmjs.org/strip-ansi 12ms (cache hit)
npm http fetch GET 200 https://registry.npmjs.org/emoji-regex 13ms (cache hit)
npm http fetch GET 200 https://registry.npmjs.org/uri-js 68ms (cache updated)
npm http fetch GET 200 https://registry.npmjs.org/json-schema-traverse 69ms (cache updated)
npm http fetch GET 200 https://registry.npmjs.org/fast-json-stable-stringify 70ms (cache updated)
npm http fetch GET 200 https://registry.npmjs.org/fast-deep-equal 71ms (cache updated)
npm http fetch GET 200 https://registry.npmjs.org/punycode 69ms (cache updated)
npm http fetch GET 200 https://registry.npmjs.org/tldts-core 167ms (cache updated)
npm http fetch GET 200 https://registry.npmjs.org/camelcase 15ms (cache hit)
npm http fetch GET 200 https://registry.npmjs.org/xdg-basedir 16ms (cache hit)
npm http fetch GET 200 https://registry.npmjs.org/type-fest 17ms (cache hit)
npm http fetch GET 200 https://registry.npmjs.org/unique-string 73ms (cache updated)
npm http fetch GET 200 https://registry.npmjs.org/cli-boxes 76ms (cache updated)
npm http fetch GET 200 https://registry.npmjs.org/package-json 77ms (cache updated)
npm http fetch GET 200 https://registry.npmjs.org/widest-line 84ms (cache updated)
npm http fetch GET 200 https://registry.npmjs.org/ansi-align 85ms (cache updated)
npm http fetch GET 200 https://registry.npmjs.org/write-file-atomic 90ms (cache updated)
npm http fetch GET 200 https://registry.npmjs.org/dot-prop 96ms (cache updated)
npm http fetch GET 200 https://registry.npmjs.org/escape-goat 96ms (cache updated)
npm http fetch GET 200 https://registry.npmjs.org/eastasianwidth 66ms (cache updated)
npm http fetch GET 200 https://registry.npmjs.org/typedarray-to-buffer 66ms (cache updated)
npm http fetch GET 200 https://registry.npmjs.org/is-obj 69ms (cache updated)
npm http fetch GET 200 https://registry.npmjs.org/crypto-random-string 76ms (cache updated)
npm http fetch GET 200 https://registry.npmjs.org/imurmurhash 75ms (cache updated)
npm http fetch GET 200 https://registry.npmjs.org/registry-auth-token 70ms (cache updated)
npm http fetch GET 200 https://registry.npmjs.org/got 98ms (cache updated)
npm http fetch GET 200 https://registry.npmjs.org/registry-url 108ms (cache updated)
npm http fetch GET 200 https://registry.npmjs.org/cacheable-lookup 69ms (cache updated)
npm http fetch GET 200 https://registry.npmjs.org/decompress-response 78ms (cache updated)
npm http fetch GET 200 https://registry.npmjs.org/p-cancelable 80ms (cache updated)
npm http fetch GET 200 https://registry.npmjs.org/lowercase-keys 100ms (cache updated)
npm http fetch GET 200 https://registry.npmjs.org/form-data-encoder 101ms (cache updated)
npm http fetch GET 200 https://registry.npmjs.org/cacheable-request 124ms (cache updated)
npm http fetch GET 200 https://registry.npmjs.org/http2-wrapper 128ms (cache updated)
npm http fetch GET 200 https://registry.npmjs.org/@sindresorhus%2fis 140ms (cache updated)
npm http fetch GET 200 https://registry.npmjs.org/rc 85ms (cache updated)
npm http fetch GET 200 https://registry.npmjs.org/@pnpm%2fnpm-conf 258ms (cache updated)
npm http fetch GET 200 https://registry.npmjs.org/responselike 725ms (cache updated)
npm http fetch GET 200 https://registry.npmjs.org/@szmarczak%2fhttp-timer 1351ms (cache updated)
npm http fetch GET 200 https://registry.npmjs.org/mimic-response 99ms (cache updated)
npm http fetch GET 200 https://registry.npmjs.org/mimic-response 100ms (cache updated)
npm http fetch GET 200 https://registry.npmjs.org/normalize-url 101ms (cache updated)
npm http fetch GET 200 https://registry.npmjs.org/resolve-alpn 102ms (cache updated)
npm http fetch GET 200 https://registry.npmjs.org/quick-lru 103ms (cache updated)
npm http fetch GET 200 https://registry.npmjs.org/@types%2fhttp-cache-semantics 103ms (cache updated)
npm http fetch GET 200 https://registry.npmjs.org/http-cache-semantics 104ms (cache updated)
npm http fetch GET 200 https://registry.npmjs.org/defer-to-connect 105ms (cache updated)
npm http fetch GET 200 https://registry.npmjs.org/keyv 702ms (cache updated)
npm http fetch GET 200 https://registry.npmjs.org/json-buffer 74ms (cache updated)
npm http fetch GET 200 https://registry.npmjs.org/config-chain 88ms (cache updated)
npm http fetch GET 200 https://registry.npmjs.org/@pnpm%2fconfig.env-replace 276ms (cache updated)
npm http fetch GET 200 https://registry.npmjs.org/@pnpm%2fnetwork.ca-file 908ms (cache updated)
npm http fetch GET 200 https://registry.npmjs.org/proto-list 83ms (cache updated)
npm http fetch GET 200 https://registry.npmjs.org/strip-json-comments 8ms (cache hit)
npm http fetch GET 200 https://registry.npmjs.org/deep-extend 71ms (cache updated)
npm http fetch GET 200 https://registry.npmjs.org/human-signals 5ms (cache hit)
npm http fetch GET 200 https://registry.npmjs.org/locate-path 6ms (cache hit)
npm http fetch GET 200 https://registry.npmjs.org/ansi-regex 2ms (cache hit)
npm http fetch GET 200 https://registry.npmjs.org/pend 88ms (cache updated)
npm http fetch GET 200 https://registry.npmjs.org/crc32-stream 81ms (cache updated)
npm http fetch GET 200 https://registry.npmjs.org/crc-32 69ms (cache updated)
npm http fetch GET 200 https://registry.npmjs.org/color-convert 4ms (cache hit)
npm http fetch GET 200 https://registry.npmjs.org/color-name 1ms (cache hit)
npm http fetch GET 200 https://registry.npmjs.org/buffer-alloc-unsafe 66ms (cache updated)
npm http fetch GET 200 https://registry.npmjs.org/buffer-fill 117ms (cache updated)
npm http fetch GET 200 https://registry.npmjs.org/p-locate 7ms (cache hit)
npm http fetch GET 200 https://registry.npmjs.org/path-exists 7ms (cache hit)
npm http fetch GET 200 https://registry.npmjs.org/p-limit 3ms (cache hit)
npm http fetch GET 200 https://registry.npmjs.org/p-try 80ms (cache updated)
npm verbose reify failed optional dependency C:\Users\Premiersoft\Desktop\AUTOMACAOTESTPREMIER\tmpBstackPackages\node_modules\fsevents
npm http fetch POST 200 https://registry.npmjs.org/-/npm/v1/security/advisories/bulk 403ms
npm warn deprecated inflight@1.0.6: This module is not supported, and leaks memory. Do not use it. Check out lru-cache if you want a good and tested way to coalesce async requests by a key value, which is much more comprehensive and powerful.
npm warn deprecated rimraf@2.5.4: Rimraf versions prior to v4 are no longer supported
npm warn deprecated glob@7.2.3: Glob versions prior to v9 are no longer supported
npm warn deprecated glob@8.1.0: Glob versions prior to v9 are no longer supported
npm info run cypress@13.17.0 postinstall node_modules/cypress node index.js --exec install
npm info run cypress@13.17.0 postinstall { code: 0, signal: null }

added 466 packages, and audited 467 packages in 19s

96 packages are looking for funding
  run `npm fund` for details

found 0 vulnerabilities
npm verbose cwd C:\Users\Premiersoft\Desktop\AUTOMACAOTESTPREMIER\tmpBstackPackages
npm verbose os Windows_NT 10.0.22631
npm verbose node v22.11.0
npm verbose npm  v10.9.0
npm verbose exit 0
npm info ok
